<?xml version="1.0" encoding="UTF-8"?>
<testng-results ignored="0" total="1" passed="1" failed="0" skipped="0">
  <reporter-output>
  </reporter-output>
  <suite started-at="2018-02-11T07:56:22Z" name="Default suite" finished-at="2018-02-11T07:56:22Z" duration-ms="52">
    <groups>
    </groups>
    <test started-at="2018-02-11T07:56:22Z" name="Default test" finished-at="2018-02-11T07:56:22Z" duration-ms="52">
      <class name="gitHub.gitSamplePractice.mainPrgm">
        <test-method signature="sample1()[pri:0, instance:gitHub.gitSamplePractice.mainPrgm@68267da0]" started-at="2018-02-11T13:26:22Z" name="sample1" finished-at="2018-02-11T13:26:22Z" duration-ms="20" status="PASS">
          <reporter-output>
          </reporter-output>
        </test-method> <!-- sample1 -->
      </class> <!-- gitHub.gitSamplePractice.mainPrgm -->
    </test> <!-- Default test -->
  </suite> <!-- Default suite -->
</testng-results>
